TN:
SF:nojquery.js
FN:1,(anonymous_1)
FN:7,(anonymous_2)
FN:14,(anonymous_3)
FN:17,parseHTML
FN:29,isString
FN:34,NoJQuery
FN:36,(anonymous_7)
FN:59,(anonymous_8)
FN:87,(anonymous_9)
FN:88,(anonymous_10)
FN:92,(anonymous_11)
FN:111,(anonymous_12)
FN:131,(anonymous_13)
FN:149,(anonymous_14)
FN:168,(anonymous_15)
FN:183,(anonymous_16)
FN:208,(anonymous_17)
FN:222,(anonymous_18)
FN:237,(anonymous_19)
FN:251,(anonymous_20)
FN:273,(anonymous_21)
FN:289,(anonymous_22)
FN:303,(anonymous_23)
FN:317,(anonymous_24)
FN:344,(anonymous_25)
FN:375,(anonymous_26)
FN:392,(anonymous_27)
FNF:27
FNH:26
FNDA:1,(anonymous_1)
FNDA:0,(anonymous_2)
FNDA:1,(anonymous_3)
FNDA:1,parseHTML
FNDA:84,isString
FNDA:1,NoJQuery
FNDA:78,(anonymous_7)
FNDA:125,(anonymous_8)
FNDA:1,(anonymous_9)
FNDA:3,(anonymous_10)
FNDA:4,(anonymous_11)
FNDA:6,(anonymous_12)
FNDA:3,(anonymous_13)
FNDA:2,(anonymous_14)
FNDA:2,(anonymous_15)
FNDA:4,(anonymous_16)
FNDA:6,(anonymous_17)
FNDA:4,(anonymous_18)
FNDA:5,(anonymous_19)
FNDA:2,(anonymous_20)
FNDA:2,(anonymous_21)
FNDA:4,(anonymous_22)
FNDA:2,(anonymous_23)
FNDA:3,(anonymous_24)
FNDA:3,(anonymous_25)
FNDA:4,(anonymous_26)
FNDA:2,(anonymous_27)
DA:1,1
DA:2,1
DA:4,0
DA:5,1
DA:7,0
DA:8,0
DA:12,1
DA:17,1
DA:18,1
DA:22,1
DA:23,1
DA:24,1
DA:26,1
DA:29,1
DA:30,84
DA:31,84
DA:34,1
DA:36,1
DA:37,78
DA:38,78
DA:39,78
DA:40,78
DA:42,78
DA:43,72
DA:45,6
DA:47,78
DA:48,78
DA:49,78
DA:50,78
DA:51,78
DA:52,78
DA:54,78
DA:55,78
DA:59,1
DA:60,125
DA:64,125
DA:66,125
DA:67,125
DA:68,124
DA:69,124
DA:70,123
DA:71,123
DA:72,123
DA:74,1
DA:75,1
DA:78,124
DA:79,149
DA:82,1
DA:85,124
DA:87,1
DA:88,1
DA:89,3
DA:92,1
DA:93,4
DA:96,4
DA:97,4
DA:98,4
DA:99,4
DA:100,2
DA:102,2
DA:106,1
DA:109,3
DA:111,1
DA:112,6
DA:116,6
DA:117,6
DA:118,6
DA:119,6
DA:120,4
DA:122,2
DA:126,1
DA:129,5
DA:131,1
DA:132,3
DA:134,3
DA:135,3
DA:136,3
DA:137,3
DA:138,2
DA:140,1
DA:145,1
DA:147,2
DA:149,1
DA:150,2
DA:154,2
DA:155,2
DA:156,2
DA:157,2
DA:158,1
DA:159,1
DA:160,1
DA:164,1
DA:166,1
DA:168,1
DA:169,2
DA:172,2
DA:173,2
DA:174,1
DA:175,1
DA:178,1
DA:181,1
DA:183,1
DA:184,4
DA:188,4
DA:189,4
DA:190,3
DA:191,3
DA:192,1
DA:194,2
DA:199,1
DA:202,3
DA:203,2
DA:206,1
DA:208,1
DA:209,6
DA:212,6
DA:213,6
DA:214,4
DA:215,4
DA:218,2
DA:220,4
DA:222,1
DA:223,4
DA:227,4
DA:228,4
DA:229,4
DA:230,4
DA:233,1
DA:235,3
DA:237,1
DA:238,5
DA:241,5
DA:242,5
DA:243,4
DA:244,4
DA:247,1
DA:249,4
DA:251,1
DA:252,2
DA:257,2
DA:258,2
DA:259,1
DA:260,3
DA:261,3
DA:262,3
DA:265,1
DA:268,1
DA:269,1
DA:271,1
DA:273,1
DA:274,2
DA:278,2
DA:279,2
DA:280,1
DA:281,1
DA:282,1
DA:285,1
DA:287,1
DA:289,1
DA:290,4
DA:293,4
DA:294,4
DA:295,3
DA:296,3
DA:299,1
DA:301,3
DA:303,1
DA:304,2
DA:307,2
DA:308,2
DA:309,1
DA:310,1
DA:313,1
DA:315,1
DA:317,1
DA:318,3
DA:323,3
DA:324,3
DA:325,3
DA:327,3
DA:328,1
DA:331,3
DA:332,3
DA:333,2
DA:335,1
DA:336,1
DA:340,1
DA:342,2
DA:344,1
DA:345,3
DA:351,3
DA:352,3
DA:353,3
DA:355,3
DA:356,1
DA:358,3
DA:359,3
DA:360,2
DA:361,1
DA:362,1
DA:364,1
DA:365,1
DA:366,1
DA:371,1
DA:373,2
DA:375,1
DA:376,4
DA:379,4
DA:380,4
DA:381,3
DA:383,9
DA:384,9
DA:387,1
DA:390,3
DA:392,1
DA:393,2
DA:395,2
DA:396,2
DA:397,1
DA:398,1
DA:399,3
DA:400,3
DA:403,1
DA:406,1
DA:408,1
LF:225
LH:222
BRDA:2,1,0,0
BRDA:2,1,1,1
BRDA:5,2,0,0
BRDA:5,2,1,1
BRDA:5,3,0,1
BRDA:5,3,1,0
BRDA:23,4,0,1
BRDA:23,4,1,1
BRDA:42,5,0,72
BRDA:42,5,1,6
BRDA:69,6,0,123
BRDA:69,6,1,1
BRDA:99,7,0,2
BRDA:99,7,1,2
BRDA:99,8,0,4
BRDA:99,8,1,4
BRDA:119,9,0,4
BRDA:119,9,1,2
BRDA:119,10,0,6
BRDA:119,10,1,6
BRDA:137,11,0,2
BRDA:137,11,1,1
BRDA:137,12,0,3
BRDA:137,12,1,3
BRDA:158,13,0,1
BRDA:158,13,1,0
BRDA:191,14,0,1
BRDA:191,14,1,2
BRDA:191,15,0,3
BRDA:191,15,1,1
BRDA:202,16,0,2
BRDA:202,16,1,1
BRDA:327,17,0,1
BRDA:327,17,1,2
BRDA:332,18,0,2
BRDA:332,18,1,1
BRDA:355,19,0,1
BRDA:355,19,1,2
BRDA:359,20,0,2
BRDA:359,20,1,1
BRDA:360,21,0,2
BRDA:360,21,1,0
BRDA:364,22,0,1
BRDA:364,22,1,0
BRF:44
BRH:38
end_of_record
