TN:
SF:nojquery.js
FN:1,(anonymous_1)
FN:7,(anonymous_2)
FN:14,(anonymous_3)
FN:17,parseHTML
FN:29,isString
FN:34,NoJQuery
FN:41,(anonymous_7)
FN:56,(anonymous_8)
FN:85,(anonymous_9)
FN:86,(anonymous_10)
FN:90,(anonymous_11)
FN:108,(anonymous_12)
FN:127,(anonymous_13)
FN:144,(anonymous_14)
FN:162,(anonymous_15)
FN:176,(anonymous_16)
FN:200,(anonymous_17)
FN:213,(anonymous_18)
FN:227,(anonymous_19)
FN:240,(anonymous_20)
FN:261,(anonymous_21)
FN:276,(anonymous_22)
FN:290,(anonymous_23)
FN:304,(anonymous_24)
FN:328,(anonymous_25)
FN:357,(anonymous_26)
FN:371,(anonymous_27)
FNF:27
FNH:26
FNDA:1,(anonymous_1)
FNDA:0,(anonymous_2)
FNDA:1,(anonymous_3)
FNDA:1,parseHTML
FNDA:57,isString
FNDA:1,NoJQuery
FNDA:53,(anonymous_7)
FNDA:84,(anonymous_8)
FNDA:1,(anonymous_9)
FNDA:3,(anonymous_10)
FNDA:2,(anonymous_11)
FNDA:3,(anonymous_12)
FNDA:2,(anonymous_13)
FNDA:1,(anonymous_14)
FNDA:1,(anonymous_15)
FNDA:3,(anonymous_16)
FNDA:4,(anonymous_17)
FNDA:3,(anonymous_18)
FNDA:3,(anonymous_19)
FNDA:1,(anonymous_20)
FNDA:1,(anonymous_21)
FNDA:3,(anonymous_22)
FNDA:1,(anonymous_23)
FNDA:2,(anonymous_24)
FNDA:2,(anonymous_25)
FNDA:2,(anonymous_26)
FNDA:1,(anonymous_27)
DA:1,1
DA:2,1
DA:4,0
DA:5,1
DA:7,0
DA:8,0
DA:12,1
DA:17,1
DA:18,1
DA:22,1
DA:23,1
DA:24,1
DA:26,1
DA:29,1
DA:30,57
DA:31,57
DA:34,1
DA:35,1
DA:36,1
DA:37,1
DA:38,1
DA:41,1
DA:42,53
DA:45,53
DA:46,48
DA:48,5
DA:50,53
DA:52,53
DA:56,1
DA:57,84
DA:61,84
DA:63,84
DA:64,84
DA:65,84
DA:67,84
DA:68,83
DA:69,83
DA:70,83
DA:72,1
DA:73,1
DA:76,84
DA:77,101
DA:80,0
DA:83,84
DA:85,1
DA:86,1
DA:87,3
DA:90,1
DA:91,2
DA:94,2
DA:95,2
DA:96,2
DA:97,2
DA:99,0
DA:103,0
DA:106,2
DA:108,1
DA:109,3
DA:113,3
DA:114,3
DA:115,3
DA:116,2
DA:118,1
DA:122,0
DA:125,3
DA:127,1
DA:128,2
DA:130,2
DA:131,2
DA:132,2
DA:133,1
DA:135,1
DA:140,0
DA:142,2
DA:144,1
DA:145,1
DA:149,1
DA:150,1
DA:151,1
DA:152,1
DA:153,1
DA:154,1
DA:158,0
DA:160,1
DA:162,1
DA:163,1
DA:166,1
DA:167,1
DA:168,1
DA:171,0
DA:174,1
DA:176,1
DA:177,3
DA:181,3
DA:182,3
DA:183,3
DA:184,1
DA:186,2
DA:191,0
DA:194,3
DA:195,2
DA:198,1
DA:200,1
DA:201,4
DA:204,4
DA:205,4
DA:206,16
DA:209,0
DA:211,4
DA:213,1
DA:214,3
DA:218,3
DA:219,3
DA:220,3
DA:223,0
DA:225,3
DA:227,1
DA:228,3
DA:231,3
DA:232,3
DA:233,3
DA:236,0
DA:238,3
DA:240,1
DA:241,1
DA:246,1
DA:247,1
DA:248,3
DA:249,3
DA:250,3
DA:253,0
DA:256,1
DA:257,1
DA:259,1
DA:261,1
DA:262,1
DA:266,1
DA:267,1
DA:268,1
DA:269,1
DA:272,0
DA:274,1
DA:276,1
DA:277,3
DA:281,3
DA:282,3
DA:283,3
DA:286,0
DA:288,3
DA:290,1
DA:291,1
DA:295,1
DA:296,1
DA:297,1
DA:300,0
DA:302,1
DA:304,1
DA:305,2
DA:310,2
DA:311,1
DA:314,2
DA:315,2
DA:316,2
DA:317,1
DA:319,1
DA:320,1
DA:324,0
DA:326,2
DA:328,1
DA:329,2
DA:335,2
DA:336,1
DA:339,2
DA:340,2
DA:341,2
DA:342,1
DA:343,1
DA:344,1
DA:346,1
DA:347,1
DA:348,1
DA:353,0
DA:355,2
DA:357,1
DA:358,2
DA:360,2
DA:361,2
DA:362,6
DA:363,6
DA:366,0
DA:369,2
DA:371,1
DA:372,1
DA:374,1
DA:375,1
DA:376,3
DA:377,3
DA:380,0
DA:383,1
DA:385,1
LF:200
LH:178
BRDA:2,1,0,0
BRDA:2,1,1,1
BRDA:5,2,0,0
BRDA:5,2,1,1
BRDA:5,3,0,1
BRDA:5,3,1,0
BRDA:23,4,0,1
BRDA:23,4,1,1
BRDA:45,5,0,48
BRDA:45,5,1,5
BRDA:67,6,0,83
BRDA:67,6,1,1
BRDA:96,7,0,2
BRDA:96,7,1,0
BRDA:115,8,0,2
BRDA:115,8,1,1
BRDA:115,9,0,3
BRDA:115,9,1,3
BRDA:132,10,0,1
BRDA:132,10,1,1
BRDA:132,11,0,2
BRDA:132,11,1,2
BRDA:152,12,0,1
BRDA:152,12,1,0
BRDA:183,13,0,1
BRDA:183,13,1,2
BRDA:183,14,0,3
BRDA:183,14,1,1
BRDA:194,15,0,2
BRDA:194,15,1,1
BRDA:310,16,0,1
BRDA:310,16,1,1
BRDA:316,17,0,1
BRDA:316,17,1,1
BRDA:335,18,0,1
BRDA:335,18,1,1
BRDA:341,19,0,1
BRDA:341,19,1,1
BRDA:342,20,0,1
BRDA:342,20,1,0
BRDA:346,21,0,1
BRDA:346,21,1,0
BRF:42
BRH:35
end_of_record
