{"nojquery.js":{"path":"nojquery.js","s":{"1":1,"2":1,"3":0,"4":1,"5":0,"6":0,"7":1,"8":1,"9":1,"10":1,"11":1,"12":1,"13":1,"14":1,"15":84,"16":84,"17":1,"18":1,"19":1,"20":1,"21":1,"22":1,"23":78,"24":78,"25":72,"26":6,"27":78,"28":78,"29":1,"30":125,"31":125,"32":125,"33":125,"34":124,"35":124,"36":123,"37":123,"38":123,"39":1,"40":1,"41":124,"42":159,"43":1,"44":124,"45":1,"46":1,"47":3,"48":1,"49":4,"50":4,"51":4,"52":4,"53":7,"54":5,"55":2,"56":1,"57":3,"58":1,"59":6,"60":6,"61":6,"62":6,"63":10,"64":8,"65":2,"66":1,"67":5,"68":1,"69":3,"70":3,"71":3,"72":3,"73":3,"74":2,"75":1,"76":1,"77":2,"78":1,"79":2,"80":2,"81":2,"82":2,"83":2,"84":1,"85":1,"86":1,"87":1,"88":1,"89":1,"90":2,"91":2,"92":2,"93":1,"94":1,"95":1,"96":1,"97":1,"98":4,"99":4,"100":4,"101":3,"102":3,"103":1,"104":2,"105":1,"106":3,"107":2,"108":1,"109":1,"110":6,"111":6,"112":6,"113":4,"114":16,"115":2,"116":4,"117":1,"118":4,"119":4,"120":4,"121":4,"122":4,"123":1,"124":3,"125":1,"126":5,"127":5,"128":5,"129":4,"130":4,"131":1,"132":4,"133":1,"134":2,"135":2,"136":2,"137":1,"138":3,"139":3,"140":3,"141":1,"142":1,"143":1,"144":1,"145":1,"146":2,"147":2,"148":2,"149":1,"150":1,"151":1,"152":1,"153":1,"154":1,"155":4,"156":4,"157":4,"158":3,"159":3,"160":1,"161":3,"162":1,"163":2,"164":2,"165":2,"166":1,"167":1,"168":1,"169":1,"170":1,"171":3,"172":3,"173":3,"174":3,"175":3,"176":1,"177":3,"178":3,"179":2,"180":1,"181":1,"182":1,"183":2,"184":1,"185":3,"186":3,"187":3,"188":3,"189":3,"190":1,"191":3,"192":3,"193":2,"194":1,"195":1,"196":1,"197":1,"198":1,"199":1,"200":2,"201":1,"202":4,"203":4,"204":4,"205":3,"206":9,"207":9,"208":1,"209":3,"210":1,"211":2,"212":2,"213":2,"214":1,"215":1,"216":3,"217":3,"218":1,"219":1,"220":1},"b":{"1":[0,1],"2":[0,1],"3":[1,0],"4":[1,1],"5":[72,6],"6":[123,1],"7":[5,2],"8":[7,7],"9":[8,2],"10":[10,10],"11":[2,1],"12":[3,3],"13":[1,0],"14":[1,2],"15":[3,1],"16":[2,1],"17":[1,2],"18":[2,1],"19":[1,2],"20":[2,1],"21":[2,0],"22":[1,0]},"f":{"1":1,"2":0,"3":1,"4":1,"5":84,"6":1,"7":78,"8":125,"9":1,"10":3,"11":4,"12":6,"13":3,"14":2,"15":2,"16":4,"17":6,"18":4,"19":5,"20":2,"21":2,"22":4,"23":2,"24":3,"25":3,"26":4,"27":2},"fnMap":{"1":{"name":"(anonymous_1)","line":1,"loc":{"start":{"line":1,"column":1},"end":{"line":1,"column":25}}},"2":{"name":"(anonymous_2)","line":7,"loc":{"start":{"line":7,"column":19},"end":{"line":7,"column":30}}},"3":{"name":"(anonymous_3)","line":14,"loc":{"start":{"line":14,"column":8},"end":{"line":14,"column":19}}},"4":{"name":"parseHTML","line":17,"loc":{"start":{"line":17,"column":4},"end":{"line":17,"column":29}}},"5":{"name":"isString","line":29,"loc":{"start":{"line":29,"column":4},"end":{"line":29,"column":32}}},"6":{"name":"NoJQuery","line":34,"loc":{"start":{"line":34,"column":4},"end":{"line":34,"column":24}}},"7":{"name":"(anonymous_7)","line":41,"loc":{"start":{"line":41,"column":15},"end":{"line":41,"column":34}}},"8":{"name":"(anonymous_8)","line":56,"loc":{"start":{"line":56,"column":30},"end":{"line":56,"column":49}}},"9":{"name":"(anonymous_9)","line":85,"loc":{"start":{"line":85,"column":30},"end":{"line":85,"column":49}}},"10":{"name":"(anonymous_10)","line":86,"loc":{"start":{"line":86,"column":49},"end":{"line":86,"column":65}}},"11":{"name":"(anonymous_11)","line":90,"loc":{"start":{"line":90,"column":34},"end":{"line":90,"column":54}}},"12":{"name":"(anonymous_12)","line":109,"loc":{"start":{"line":109,"column":34},"end":{"line":109,"column":54}}},"13":{"name":"(anonymous_13)","line":129,"loc":{"start":{"line":129,"column":37},"end":{"line":129,"column":57}}},"14":{"name":"(anonymous_14)","line":147,"loc":{"start":{"line":147,"column":34},"end":{"line":147,"column":53}}},"15":{"name":"(anonymous_15)","line":166,"loc":{"start":{"line":166,"column":31},"end":{"line":166,"column":42}}},"16":{"name":"(anonymous_16)","line":181,"loc":{"start":{"line":181,"column":30},"end":{"line":181,"column":47}}},"17":{"name":"(anonymous_17)","line":206,"loc":{"start":{"line":206,"column":30},"end":{"line":206,"column":47}}},"18":{"name":"(anonymous_18)","line":220,"loc":{"start":{"line":220,"column":33},"end":{"line":220,"column":48}}},"19":{"name":"(anonymous_19)","line":235,"loc":{"start":{"line":235,"column":33},"end":{"line":235,"column":53}}},"20":{"name":"(anonymous_20)","line":249,"loc":{"start":{"line":249,"column":32},"end":{"line":249,"column":47}}},"21":{"name":"(anonymous_21)","line":271,"loc":{"start":{"line":271,"column":36},"end":{"line":271,"column":51}}},"22":{"name":"(anonymous_22)","line":287,"loc":{"start":{"line":287,"column":30},"end":{"line":287,"column":45}}},"23":{"name":"(anonymous_23)","line":301,"loc":{"start":{"line":301,"column":30},"end":{"line":301,"column":41}}},"24":{"name":"(anonymous_24)","line":315,"loc":{"start":{"line":315,"column":32},"end":{"line":315,"column":45}}},"25":{"name":"(anonymous_25)","line":342,"loc":{"start":{"line":342,"column":33},"end":{"line":342,"column":46}}},"26":{"name":"(anonymous_26)","line":373,"loc":{"start":{"line":373,"column":28},"end":{"line":373,"column":62}}},"27":{"name":"(anonymous_27)","line":389,"loc":{"start":{"line":389,"column":29},"end":{"line":389,"column":63}}}},"statementMap":{"1":{"start":{"line":1,"column":0},"end":{"line":406,"column":4}},"2":{"start":{"line":2,"column":4},"end":{"line":13,"column":5}},"3":{"start":{"line":4,"column":8},"end":{"line":4,"column":35}},"4":{"start":{"line":5,"column":11},"end":{"line":13,"column":5}},"5":{"start":{"line":7,"column":8},"end":{"line":9,"column":11}},"6":{"start":{"line":8,"column":12},"end":{"line":8,"column":47}},"7":{"start":{"line":12,"column":8},"end":{"line":12,"column":34}},"8":{"start":{"line":17,"column":4},"end":{"line":27,"column":5}},"9":{"start":{"line":18,"column":8},"end":{"line":20,"column":18}},"10":{"start":{"line":22,"column":8},"end":{"line":22,"column":27}},"11":{"start":{"line":23,"column":8},"end":{"line":23,"column":44}},"12":{"start":{"line":24,"column":8},"end":{"line":24,"column":40}},"13":{"start":{"line":26,"column":8},"end":{"line":26,"column":21}},"14":{"start":{"line":29,"column":4},"end":{"line":32,"column":5}},"15":{"start":{"line":30,"column":8},"end":{"line":30,"column":52}},"16":{"start":{"line":31,"column":8},"end":{"line":31,"column":22}},"17":{"start":{"line":34,"column":4},"end":{"line":54,"column":5}},"18":{"start":{"line":35,"column":8},"end":{"line":35,"column":24}},"19":{"start":{"line":36,"column":8},"end":{"line":36,"column":24}},"20":{"start":{"line":37,"column":8},"end":{"line":37,"column":34}},"21":{"start":{"line":38,"column":8},"end":{"line":39,"column":32}},"22":{"start":{"line":41,"column":8},"end":{"line":53,"column":21}},"23":{"start":{"line":42,"column":12},"end":{"line":42,"column":38}},"24":{"start":{"line":45,"column":12},"end":{"line":49,"column":13}},"25":{"start":{"line":46,"column":16},"end":{"line":46,"column":36}},"26":{"start":{"line":48,"column":16},"end":{"line":48,"column":42}},"27":{"start":{"line":50,"column":12},"end":{"line":50,"column":44}},"28":{"start":{"line":52,"column":12},"end":{"line":52,"column":24}},"29":{"start":{"line":56,"column":4},"end":{"line":84,"column":6}},"30":{"start":{"line":57,"column":8},"end":{"line":59,"column":18}},"31":{"start":{"line":61,"column":8},"end":{"line":81,"column":9}},"32":{"start":{"line":63,"column":12},"end":{"line":63,"column":51}},"33":{"start":{"line":64,"column":12},"end":{"line":64,"column":68}},"34":{"start":{"line":65,"column":12},"end":{"line":65,"column":33}},"35":{"start":{"line":67,"column":12},"end":{"line":74,"column":13}},"36":{"start":{"line":68,"column":16},"end":{"line":68,"column":47}},"37":{"start":{"line":69,"column":16},"end":{"line":69,"column":32}},"38":{"start":{"line":70,"column":16},"end":{"line":70,"column":36}},"39":{"start":{"line":72,"column":16},"end":{"line":72,"column":39}},"40":{"start":{"line":73,"column":16},"end":{"line":73,"column":32}},"41":{"start":{"line":76,"column":12},"end":{"line":78,"column":13}},"42":{"start":{"line":77,"column":16},"end":{"line":77,"column":41}},"43":{"start":{"line":80,"column":12},"end":{"line":80,"column":53}},"44":{"start":{"line":83,"column":8},"end":{"line":83,"column":20}},"45":{"start":{"line":85,"column":4},"end":{"line":89,"column":6}},"46":{"start":{"line":86,"column":8},"end":{"line":88,"column":11}},"47":{"start":{"line":87,"column":12},"end":{"line":87,"column":28}},"48":{"start":{"line":90,"column":4},"end":{"line":108,"column":6}},"49":{"start":{"line":91,"column":8},"end":{"line":92,"column":18}},"50":{"start":{"line":94,"column":8},"end":{"line":105,"column":9}},"51":{"start":{"line":95,"column":12},"end":{"line":95,"column":38}},"52":{"start":{"line":96,"column":12},"end":{"line":102,"column":13}},"53":{"start":{"line":97,"column":16},"end":{"line":101,"column":17}},"54":{"start":{"line":98,"column":20},"end":{"line":98,"column":59}},"55":{"start":{"line":100,"column":20},"end":{"line":100,"column":63}},"56":{"start":{"line":104,"column":12},"end":{"line":104,"column":57}},"57":{"start":{"line":107,"column":8},"end":{"line":107,"column":20}},"58":{"start":{"line":109,"column":4},"end":{"line":128,"column":6}},"59":{"start":{"line":110,"column":8},"end":{"line":112,"column":18}},"60":{"start":{"line":114,"column":8},"end":{"line":125,"column":9}},"61":{"start":{"line":115,"column":12},"end":{"line":115,"column":38}},"62":{"start":{"line":116,"column":12},"end":{"line":122,"column":13}},"63":{"start":{"line":117,"column":16},"end":{"line":121,"column":17}},"64":{"start":{"line":118,"column":20},"end":{"line":118,"column":73}},"65":{"start":{"line":120,"column":20},"end":{"line":120,"column":107}},"66":{"start":{"line":124,"column":12},"end":{"line":124,"column":57}},"67":{"start":{"line":127,"column":8},"end":{"line":127,"column":22}},"68":{"start":{"line":129,"column":4},"end":{"line":146,"column":6}},"69":{"start":{"line":130,"column":8},"end":{"line":131,"column":18}},"70":{"start":{"line":132,"column":8},"end":{"line":144,"column":9}},"71":{"start":{"line":133,"column":12},"end":{"line":133,"column":38}},"72":{"start":{"line":134,"column":12},"end":{"line":140,"column":13}},"73":{"start":{"line":135,"column":16},"end":{"line":139,"column":17}},"74":{"start":{"line":136,"column":20},"end":{"line":136,"column":62}},"75":{"start":{"line":138,"column":20},"end":{"line":138,"column":157}},"76":{"start":{"line":143,"column":12},"end":{"line":143,"column":60}},"77":{"start":{"line":145,"column":8},"end":{"line":145,"column":20}},"78":{"start":{"line":147,"column":4},"end":{"line":165,"column":6}},"79":{"start":{"line":148,"column":8},"end":{"line":150,"column":18}},"80":{"start":{"line":152,"column":8},"end":{"line":163,"column":9}},"81":{"start":{"line":153,"column":12},"end":{"line":153,"column":38}},"82":{"start":{"line":154,"column":12},"end":{"line":160,"column":13}},"83":{"start":{"line":155,"column":16},"end":{"line":155,"column":63}},"84":{"start":{"line":156,"column":16},"end":{"line":159,"column":17}},"85":{"start":{"line":157,"column":20},"end":{"line":157,"column":36}},"86":{"start":{"line":158,"column":20},"end":{"line":158,"column":26}},"87":{"start":{"line":162,"column":12},"end":{"line":162,"column":57}},"88":{"start":{"line":164,"column":8},"end":{"line":164,"column":22}},"89":{"start":{"line":166,"column":4},"end":{"line":180,"column":6}},"90":{"start":{"line":167,"column":8},"end":{"line":168,"column":18}},"91":{"start":{"line":170,"column":8},"end":{"line":177,"column":9}},"92":{"start":{"line":171,"column":12},"end":{"line":171,"column":38}},"93":{"start":{"line":172,"column":12},"end":{"line":174,"column":13}},"94":{"start":{"line":173,"column":16},"end":{"line":173,"column":45}},"95":{"start":{"line":176,"column":12},"end":{"line":176,"column":54}},"96":{"start":{"line":179,"column":8},"end":{"line":179,"column":20}},"97":{"start":{"line":181,"column":4},"end":{"line":205,"column":6}},"98":{"start":{"line":182,"column":8},"end":{"line":184,"column":24}},"99":{"start":{"line":186,"column":8},"end":{"line":198,"column":9}},"100":{"start":{"line":187,"column":12},"end":{"line":187,"column":38}},"101":{"start":{"line":188,"column":12},"end":{"line":195,"column":13}},"102":{"start":{"line":189,"column":16},"end":{"line":193,"column":17}},"103":{"start":{"line":190,"column":20},"end":{"line":190,"column":55}},"104":{"start":{"line":192,"column":20},"end":{"line":192,"column":56}},"105":{"start":{"line":197,"column":12},"end":{"line":197,"column":53}},"106":{"start":{"line":200,"column":8},"end":{"line":202,"column":9}},"107":{"start":{"line":201,"column":12},"end":{"line":201,"column":26}},"108":{"start":{"line":204,"column":8},"end":{"line":204,"column":20}},"109":{"start":{"line":206,"column":4},"end":{"line":219,"column":6}},"110":{"start":{"line":207,"column":8},"end":{"line":208,"column":18}},"111":{"start":{"line":210,"column":8},"end":{"line":217,"column":9}},"112":{"start":{"line":211,"column":12},"end":{"line":211,"column":38}},"113":{"start":{"line":212,"column":12},"end":{"line":214,"column":13}},"114":{"start":{"line":213,"column":16},"end":{"line":213,"column":49}},"115":{"start":{"line":216,"column":12},"end":{"line":216,"column":53}},"116":{"start":{"line":218,"column":8},"end":{"line":218,"column":20}},"117":{"start":{"line":220,"column":4},"end":{"line":234,"column":6}},"118":{"start":{"line":221,"column":8},"end":{"line":223,"column":24}},"119":{"start":{"line":225,"column":8},"end":{"line":232,"column":9}},"120":{"start":{"line":226,"column":12},"end":{"line":226,"column":22}},"121":{"start":{"line":227,"column":12},"end":{"line":229,"column":13}},"122":{"start":{"line":228,"column":16},"end":{"line":228,"column":58}},"123":{"start":{"line":231,"column":12},"end":{"line":231,"column":56}},"124":{"start":{"line":233,"column":8},"end":{"line":233,"column":22}},"125":{"start":{"line":235,"column":4},"end":{"line":248,"column":6}},"126":{"start":{"line":236,"column":8},"end":{"line":237,"column":18}},"127":{"start":{"line":239,"column":8},"end":{"line":246,"column":9}},"128":{"start":{"line":240,"column":12},"end":{"line":240,"column":38}},"129":{"start":{"line":241,"column":12},"end":{"line":243,"column":13}},"130":{"start":{"line":242,"column":16},"end":{"line":242,"column":54}},"131":{"start":{"line":245,"column":12},"end":{"line":245,"column":56}},"132":{"start":{"line":247,"column":8},"end":{"line":247,"column":20}},"133":{"start":{"line":249,"column":4},"end":{"line":270,"column":6}},"134":{"start":{"line":250,"column":8},"end":{"line":253,"column":25}},"135":{"start":{"line":255,"column":8},"end":{"line":264,"column":9}},"136":{"start":{"line":256,"column":12},"end":{"line":256,"column":38}},"137":{"start":{"line":257,"column":12},"end":{"line":261,"column":13}},"138":{"start":{"line":258,"column":16},"end":{"line":258,"column":37}},"139":{"start":{"line":259,"column":16},"end":{"line":259,"column":50}},"140":{"start":{"line":260,"column":16},"end":{"line":260,"column":34}},"141":{"start":{"line":263,"column":12},"end":{"line":263,"column":55}},"142":{"start":{"line":266,"column":8},"end":{"line":266,"column":31}},"143":{"start":{"line":267,"column":8},"end":{"line":267,"column":24}},"144":{"start":{"line":269,"column":8},"end":{"line":269,"column":23}},"145":{"start":{"line":271,"column":4},"end":{"line":286,"column":6}},"146":{"start":{"line":272,"column":8},"end":{"line":274,"column":22}},"147":{"start":{"line":276,"column":8},"end":{"line":284,"column":9}},"148":{"start":{"line":277,"column":12},"end":{"line":277,"column":38}},"149":{"start":{"line":278,"column":12},"end":{"line":281,"column":13}},"150":{"start":{"line":279,"column":16},"end":{"line":279,"column":37}},"151":{"start":{"line":280,"column":16},"end":{"line":280,"column":43}},"152":{"start":{"line":283,"column":12},"end":{"line":283,"column":59}},"153":{"start":{"line":285,"column":8},"end":{"line":285,"column":20}},"154":{"start":{"line":287,"column":4},"end":{"line":300,"column":6}},"155":{"start":{"line":288,"column":8},"end":{"line":289,"column":18}},"156":{"start":{"line":291,"column":8},"end":{"line":298,"column":9}},"157":{"start":{"line":292,"column":12},"end":{"line":292,"column":38}},"158":{"start":{"line":293,"column":12},"end":{"line":295,"column":13}},"159":{"start":{"line":294,"column":16},"end":{"line":294,"column":69}},"160":{"start":{"line":297,"column":12},"end":{"line":297,"column":53}},"161":{"start":{"line":299,"column":8},"end":{"line":299,"column":20}},"162":{"start":{"line":301,"column":4},"end":{"line":314,"column":6}},"163":{"start":{"line":302,"column":8},"end":{"line":303,"column":18}},"164":{"start":{"line":305,"column":8},"end":{"line":312,"column":9}},"165":{"start":{"line":306,"column":12},"end":{"line":306,"column":38}},"166":{"start":{"line":307,"column":12},"end":{"line":309,"column":13}},"167":{"start":{"line":308,"column":16},"end":{"line":308,"column":65}},"168":{"start":{"line":311,"column":12},"end":{"line":311,"column":53}},"169":{"start":{"line":313,"column":8},"end":{"line":313,"column":20}},"170":{"start":{"line":315,"column":4},"end":{"line":341,"column":6}},"171":{"start":{"line":316,"column":8},"end":{"line":319,"column":21}},"172":{"start":{"line":321,"column":8},"end":{"line":339,"column":9}},"173":{"start":{"line":322,"column":12},"end":{"line":322,"column":45}},"174":{"start":{"line":323,"column":12},"end":{"line":323,"column":36}},"175":{"start":{"line":325,"column":12},"end":{"line":327,"column":13}},"176":{"start":{"line":326,"column":16},"end":{"line":326,"column":35}},"177":{"start":{"line":329,"column":12},"end":{"line":336,"column":13}},"178":{"start":{"line":330,"column":16},"end":{"line":335,"column":17}},"179":{"start":{"line":331,"column":20},"end":{"line":331,"column":34}},"180":{"start":{"line":333,"column":20},"end":{"line":333,"column":59}},"181":{"start":{"line":334,"column":20},"end":{"line":334,"column":55}},"182":{"start":{"line":338,"column":11},"end":{"line":338,"column":54}},"183":{"start":{"line":340,"column":8},"end":{"line":340,"column":20}},"184":{"start":{"line":342,"column":4},"end":{"line":372,"column":6}},"185":{"start":{"line":343,"column":8},"end":{"line":347,"column":19}},"186":{"start":{"line":349,"column":8},"end":{"line":370,"column":9}},"187":{"start":{"line":350,"column":12},"end":{"line":350,"column":45}},"188":{"start":{"line":351,"column":12},"end":{"line":351,"column":36}},"189":{"start":{"line":353,"column":12},"end":{"line":355,"column":13}},"190":{"start":{"line":354,"column":16},"end":{"line":354,"column":35}},"191":{"start":{"line":356,"column":12},"end":{"line":367,"column":13}},"192":{"start":{"line":357,"column":16},"end":{"line":365,"column":17}},"193":{"start":{"line":358,"column":20},"end":{"line":358,"column":78}},"194":{"start":{"line":359,"column":20},"end":{"line":359,"column":41}},"195":{"start":{"line":360,"column":20},"end":{"line":360,"column":65}},"196":{"start":{"line":362,"column":20},"end":{"line":362,"column":92}},"197":{"start":{"line":363,"column":20},"end":{"line":363,"column":65}},"198":{"start":{"line":364,"column":20},"end":{"line":364,"column":55}},"199":{"start":{"line":369,"column":11},"end":{"line":369,"column":55}},"200":{"start":{"line":371,"column":8},"end":{"line":371,"column":20}},"201":{"start":{"line":373,"column":4},"end":{"line":388,"column":6}},"202":{"start":{"line":374,"column":8},"end":{"line":375,"column":18}},"203":{"start":{"line":377,"column":8},"end":{"line":385,"column":9}},"204":{"start":{"line":378,"column":12},"end":{"line":378,"column":38}},"205":{"start":{"line":379,"column":12},"end":{"line":382,"column":13}},"206":{"start":{"line":380,"column":16},"end":{"line":380,"column":56}},"207":{"start":{"line":381,"column":16},"end":{"line":381,"column":91}},"208":{"start":{"line":384,"column":12},"end":{"line":384,"column":51}},"209":{"start":{"line":387,"column":8},"end":{"line":387,"column":20}},"210":{"start":{"line":389,"column":4},"end":{"line":404,"column":6}},"211":{"start":{"line":390,"column":8},"end":{"line":391,"column":18}},"212":{"start":{"line":392,"column":8},"end":{"line":401,"column":9}},"213":{"start":{"line":393,"column":12},"end":{"line":393,"column":38}},"214":{"start":{"line":394,"column":12},"end":{"line":394,"column":18}},"215":{"start":{"line":395,"column":12},"end":{"line":398,"column":13}},"216":{"start":{"line":396,"column":16},"end":{"line":396,"column":94}},"217":{"start":{"line":397,"column":16},"end":{"line":397,"column":48}},"218":{"start":{"line":400,"column":12},"end":{"line":400,"column":52}},"219":{"start":{"line":403,"column":8},"end":{"line":403,"column":20}},"220":{"start":{"line":405,"column":4},"end":{"line":405,"column":26}}},"branchMap":{"1":{"line":2,"type":"if","locations":[{"start":{"line":2,"column":4},"end":{"line":2,"column":4}},{"start":{"line":2,"column":4},"end":{"line":2,"column":4}}]},"2":{"line":5,"type":"if","locations":[{"start":{"line":5,"column":11},"end":{"line":5,"column":11}},{"start":{"line":5,"column":11},"end":{"line":5,"column":11}}]},"3":{"line":5,"type":"binary-expr","locations":[{"start":{"line":5,"column":15},"end":{"line":5,"column":43}},{"start":{"line":5,"column":47},"end":{"line":5,"column":57}}]},"4":{"line":23,"type":"binary-expr","locations":[{"start":{"line":23,"column":18},"end":{"line":23,"column":27}},{"start":{"line":23,"column":31},"end":{"line":23,"column":43}}]},"5":{"line":45,"type":"if","locations":[{"start":{"line":45,"column":12},"end":{"line":45,"column":12}},{"start":{"line":45,"column":12},"end":{"line":45,"column":12}}]},"6":{"line":67,"type":"if","locations":[{"start":{"line":67,"column":12},"end":{"line":67,"column":12}},{"start":{"line":67,"column":12},"end":{"line":67,"column":12}}]},"7":{"line":97,"type":"if","locations":[{"start":{"line":97,"column":16},"end":{"line":97,"column":16}},{"start":{"line":97,"column":16},"end":{"line":97,"column":16}}]},"8":{"line":97,"type":"binary-expr","locations":[{"start":{"line":97,"column":20},"end":{"line":97,"column":43}},{"start":{"line":97,"column":47},"end":{"line":97,"column":79}}]},"9":{"line":117,"type":"if","locations":[{"start":{"line":117,"column":16},"end":{"line":117,"column":16}},{"start":{"line":117,"column":16},"end":{"line":117,"column":16}}]},"10":{"line":117,"type":"binary-expr","locations":[{"start":{"line":117,"column":20},"end":{"line":117,"column":43}},{"start":{"line":117,"column":47},"end":{"line":117,"column":79}}]},"11":{"line":135,"type":"if","locations":[{"start":{"line":135,"column":16},"end":{"line":135,"column":16}},{"start":{"line":135,"column":16},"end":{"line":135,"column":16}}]},"12":{"line":135,"type":"binary-expr","locations":[{"start":{"line":135,"column":20},"end":{"line":135,"column":43}},{"start":{"line":135,"column":47},"end":{"line":135,"column":77}}]},"13":{"line":156,"type":"if","locations":[{"start":{"line":156,"column":16},"end":{"line":156,"column":16}},{"start":{"line":156,"column":16},"end":{"line":156,"column":16}}]},"14":{"line":189,"type":"if","locations":[{"start":{"line":189,"column":16},"end":{"line":189,"column":16}},{"start":{"line":189,"column":16},"end":{"line":189,"column":16}}]},"15":{"line":189,"type":"binary-expr","locations":[{"start":{"line":189,"column":20},"end":{"line":189,"column":26}},{"start":{"line":189,"column":31},"end":{"line":189,"column":48}}]},"16":{"line":200,"type":"if","locations":[{"start":{"line":200,"column":8},"end":{"line":200,"column":8}},{"start":{"line":200,"column":8},"end":{"line":200,"column":8}}]},"17":{"line":325,"type":"if","locations":[{"start":{"line":325,"column":12},"end":{"line":325,"column":12}},{"start":{"line":325,"column":12},"end":{"line":325,"column":12}}]},"18":{"line":330,"type":"if","locations":[{"start":{"line":330,"column":16},"end":{"line":330,"column":16}},{"start":{"line":330,"column":16},"end":{"line":330,"column":16}}]},"19":{"line":353,"type":"if","locations":[{"start":{"line":353,"column":12},"end":{"line":353,"column":12}},{"start":{"line":353,"column":12},"end":{"line":353,"column":12}}]},"20":{"line":357,"type":"if","locations":[{"start":{"line":357,"column":16},"end":{"line":357,"column":16}},{"start":{"line":357,"column":16},"end":{"line":357,"column":16}}]},"21":{"line":358,"type":"binary-expr","locations":[{"start":{"line":358,"column":29},"end":{"line":358,"column":53}},{"start":{"line":358,"column":57},"end":{"line":358,"column":77}}]},"22":{"line":362,"type":"binary-expr","locations":[{"start":{"line":362,"column":29},"end":{"line":362,"column":60}},{"start":{"line":362,"column":64},"end":{"line":362,"column":91}}]}}}}