{"nojquery.js":{"path":"nojquery.js","s":{"1":1,"2":1,"3":0,"4":1,"5":0,"6":0,"7":1,"8":1,"9":2,"10":1,"11":2,"12":2,"13":0,"14":0,"15":0,"16":2,"17":2,"18":2,"19":2,"20":6,"21":6,"22":2,"23":2,"24":2,"25":1,"26":83,"27":83,"28":1,"29":1,"30":78,"31":78,"32":78,"33":78,"34":78,"35":72,"36":6,"37":78,"38":78,"39":78,"40":78,"41":78,"42":78,"43":78,"44":78,"45":1,"46":124,"47":124,"48":124,"49":124,"50":123,"51":123,"52":122,"53":122,"54":122,"55":1,"56":1,"57":123,"58":150,"59":1,"60":123,"61":1,"62":1,"63":3,"64":1,"65":4,"66":4,"67":4,"68":4,"69":4,"70":2,"71":2,"72":1,"73":3,"74":1,"75":6,"76":6,"77":6,"78":6,"79":6,"80":4,"81":2,"82":1,"83":5,"84":1,"85":3,"86":3,"87":3,"88":3,"89":3,"90":2,"91":1,"92":1,"93":2,"94":1,"95":2,"96":2,"97":2,"98":2,"99":2,"100":1,"101":1,"102":1,"103":1,"104":1,"105":1,"106":2,"107":2,"108":2,"109":1,"110":1,"111":1,"112":1,"113":1,"114":4,"115":4,"116":4,"117":3,"118":3,"119":1,"120":2,"121":1,"122":3,"123":2,"124":1,"125":1,"126":4,"127":4,"128":4,"129":3,"130":3,"131":1,"132":3,"133":1,"134":4,"135":4,"136":4,"137":4,"138":4,"139":1,"140":3,"141":1,"142":5,"143":5,"144":5,"145":4,"146":4,"147":1,"148":4,"149":1,"150":2,"151":2,"152":2,"153":1,"154":3,"155":3,"156":3,"157":1,"158":1,"159":1,"160":1,"161":1,"162":2,"163":2,"164":2,"165":1,"166":1,"167":1,"168":1,"169":1,"170":1,"171":4,"172":4,"173":4,"174":3,"175":3,"176":1,"177":3,"178":1,"179":2,"180":2,"181":2,"182":1,"183":1,"184":1,"185":1,"186":1,"187":3,"188":3,"189":3,"190":2,"191":2,"192":1,"193":2,"194":1,"195":2,"196":0,"197":2,"198":2,"199":1,"200":2,"201":1,"202":3,"203":3,"204":3,"205":3,"206":3,"207":1,"208":3,"209":3,"210":2,"211":1,"212":1,"213":1,"214":1,"215":1,"216":1,"217":2,"218":1,"219":4,"220":4,"221":4,"222":3,"223":9,"224":9,"225":1,"226":3,"227":1,"228":2,"229":2,"230":2,"231":1,"232":1,"233":3,"234":3,"235":1,"236":1,"237":1},"b":{"1":[0,1],"2":[0,1],"3":[1,0],"4":[0,2],"5":[72,6],"6":[122,1],"7":[2,2],"8":[4,4],"9":[4,2],"10":[6,6],"11":[2,1],"12":[3,3],"13":[1,0],"14":[1,2],"15":[3,1],"16":[2,1],"17":[1,1],"18":[1,1],"19":[0,2],"20":[1,2],"21":[2,1],"22":[2,0],"23":[1,0]},"f":{"1":1,"2":0,"3":1,"4":2,"5":2,"6":83,"7":1,"8":78,"9":124,"10":1,"11":3,"12":4,"13":6,"14":3,"15":2,"16":2,"17":4,"18":4,"19":4,"20":5,"21":2,"22":2,"23":4,"24":2,"25":3,"26":3,"27":4,"28":2},"fnMap":{"1":{"name":"(anonymous_1)","line":1,"loc":{"start":{"line":1,"column":1},"end":{"line":1,"column":25}}},"2":{"name":"(anonymous_2)","line":7,"loc":{"start":{"line":7,"column":19},"end":{"line":7,"column":30}}},"3":{"name":"(anonymous_3)","line":14,"loc":{"start":{"line":14,"column":8},"end":{"line":14,"column":19}}},"4":{"name":"parseHTML","line":17,"loc":{"start":{"line":17,"column":4},"end":{"line":17,"column":29}}},"5":{"name":"supportsTemplate","line":22,"loc":{"start":{"line":22,"column":8},"end":{"line":22,"column":36}}},"6":{"name":"isString","line":49,"loc":{"start":{"line":49,"column":4},"end":{"line":49,"column":27}}},"7":{"name":"NoJQuery","line":54,"loc":{"start":{"line":54,"column":4},"end":{"line":54,"column":24}}},"8":{"name":"(anonymous_8)","line":56,"loc":{"start":{"line":56,"column":15},"end":{"line":56,"column":34}}},"9":{"name":"(anonymous_9)","line":79,"loc":{"start":{"line":79,"column":30},"end":{"line":79,"column":49}}},"10":{"name":"(anonymous_10)","line":107,"loc":{"start":{"line":107,"column":30},"end":{"line":107,"column":49}}},"11":{"name":"(anonymous_11)","line":108,"loc":{"start":{"line":108,"column":49},"end":{"line":108,"column":65}}},"12":{"name":"(anonymous_12)","line":112,"loc":{"start":{"line":112,"column":34},"end":{"line":112,"column":54}}},"13":{"name":"(anonymous_13)","line":131,"loc":{"start":{"line":131,"column":34},"end":{"line":131,"column":54}}},"14":{"name":"(anonymous_14)","line":151,"loc":{"start":{"line":151,"column":37},"end":{"line":151,"column":57}}},"15":{"name":"(anonymous_15)","line":169,"loc":{"start":{"line":169,"column":34},"end":{"line":169,"column":53}}},"16":{"name":"(anonymous_16)","line":188,"loc":{"start":{"line":188,"column":31},"end":{"line":188,"column":42}}},"17":{"name":"(anonymous_17)","line":203,"loc":{"start":{"line":203,"column":30},"end":{"line":203,"column":47}}},"18":{"name":"(anonymous_18)","line":228,"loc":{"start":{"line":228,"column":30},"end":{"line":228,"column":47}}},"19":{"name":"(anonymous_19)","line":242,"loc":{"start":{"line":242,"column":33},"end":{"line":242,"column":48}}},"20":{"name":"(anonymous_20)","line":257,"loc":{"start":{"line":257,"column":33},"end":{"line":257,"column":53}}},"21":{"name":"(anonymous_21)","line":271,"loc":{"start":{"line":271,"column":32},"end":{"line":271,"column":47}}},"22":{"name":"(anonymous_22)","line":293,"loc":{"start":{"line":293,"column":36},"end":{"line":293,"column":51}}},"23":{"name":"(anonymous_23)","line":309,"loc":{"start":{"line":309,"column":30},"end":{"line":309,"column":45}}},"24":{"name":"(anonymous_24)","line":323,"loc":{"start":{"line":323,"column":30},"end":{"line":323,"column":41}}},"25":{"name":"(anonymous_25)","line":337,"loc":{"start":{"line":337,"column":32},"end":{"line":337,"column":45}}},"26":{"name":"(anonymous_26)","line":366,"loc":{"start":{"line":366,"column":33},"end":{"line":366,"column":46}}},"27":{"name":"(anonymous_27)","line":397,"loc":{"start":{"line":397,"column":28},"end":{"line":397,"column":62}}},"28":{"name":"(anonymous_28)","line":414,"loc":{"start":{"line":414,"column":29},"end":{"line":414,"column":63}}}},"statementMap":{"1":{"start":{"line":1,"column":0},"end":{"line":431,"column":4}},"2":{"start":{"line":2,"column":4},"end":{"line":13,"column":5}},"3":{"start":{"line":4,"column":8},"end":{"line":4,"column":35}},"4":{"start":{"line":5,"column":11},"end":{"line":13,"column":5}},"5":{"start":{"line":7,"column":8},"end":{"line":9,"column":11}},"6":{"start":{"line":8,"column":12},"end":{"line":8,"column":47}},"7":{"start":{"line":12,"column":8},"end":{"line":12,"column":34}},"8":{"start":{"line":17,"column":4},"end":{"line":47,"column":5}},"9":{"start":{"line":18,"column":8},"end":{"line":20,"column":18}},"10":{"start":{"line":22,"column":8},"end":{"line":24,"column":9}},"11":{"start":{"line":23,"column":12},"end":{"line":23,"column":67}},"12":{"start":{"line":26,"column":8},"end":{"line":44,"column":9}},"13":{"start":{"line":27,"column":12},"end":{"line":28,"column":39}},"14":{"start":{"line":29,"column":12},"end":{"line":29,"column":38}},"15":{"start":{"line":30,"column":12},"end":{"line":30,"column":44}},"16":{"start":{"line":32,"column":12},"end":{"line":32,"column":60}},"17":{"start":{"line":34,"column":12},"end":{"line":34,"column":58}},"18":{"start":{"line":35,"column":12},"end":{"line":35,"column":38}},"19":{"start":{"line":37,"column":12},"end":{"line":40,"column":13}},"20":{"start":{"line":38,"column":16},"end":{"line":38,"column":60}},"21":{"start":{"line":39,"column":16},"end":{"line":39,"column":20}},"22":{"start":{"line":42,"column":12},"end":{"line":42,"column":30}},"23":{"start":{"line":43,"column":12},"end":{"line":43,"column":44}},"24":{"start":{"line":46,"column":8},"end":{"line":46,"column":21}},"25":{"start":{"line":49,"column":4},"end":{"line":52,"column":5}},"26":{"start":{"line":50,"column":8},"end":{"line":50,"column":47}},"27":{"start":{"line":51,"column":8},"end":{"line":51,"column":22}},"28":{"start":{"line":54,"column":4},"end":{"line":77,"column":5}},"29":{"start":{"line":56,"column":8},"end":{"line":76,"column":21}},"30":{"start":{"line":57,"column":12},"end":{"line":57,"column":28}},"31":{"start":{"line":58,"column":12},"end":{"line":58,"column":28}},"32":{"start":{"line":59,"column":12},"end":{"line":59,"column":38}},"33":{"start":{"line":60,"column":12},"end":{"line":60,"column":30}},"34":{"start":{"line":62,"column":12},"end":{"line":66,"column":13}},"35":{"start":{"line":63,"column":16},"end":{"line":63,"column":36}},"36":{"start":{"line":65,"column":16},"end":{"line":65,"column":42}},"37":{"start":{"line":67,"column":12},"end":{"line":67,"column":44}},"38":{"start":{"line":68,"column":12},"end":{"line":68,"column":27}},"39":{"start":{"line":69,"column":12},"end":{"line":69,"column":37}},"40":{"start":{"line":70,"column":12},"end":{"line":70,"column":39}},"41":{"start":{"line":71,"column":12},"end":{"line":71,"column":57}},"42":{"start":{"line":72,"column":12},"end":{"line":72,"column":51}},"43":{"start":{"line":74,"column":12},"end":{"line":74,"column":52}},"44":{"start":{"line":75,"column":12},"end":{"line":75,"column":25}},"45":{"start":{"line":79,"column":4},"end":{"line":106,"column":6}},"46":{"start":{"line":80,"column":8},"end":{"line":82,"column":18}},"47":{"start":{"line":84,"column":8},"end":{"line":103,"column":9}},"48":{"start":{"line":86,"column":12},"end":{"line":86,"column":51}},"49":{"start":{"line":87,"column":12},"end":{"line":87,"column":68}},"50":{"start":{"line":88,"column":12},"end":{"line":88,"column":33}},"51":{"start":{"line":89,"column":12},"end":{"line":96,"column":13}},"52":{"start":{"line":90,"column":16},"end":{"line":90,"column":47}},"53":{"start":{"line":91,"column":16},"end":{"line":91,"column":32}},"54":{"start":{"line":92,"column":16},"end":{"line":92,"column":36}},"55":{"start":{"line":94,"column":16},"end":{"line":94,"column":39}},"56":{"start":{"line":95,"column":16},"end":{"line":95,"column":32}},"57":{"start":{"line":98,"column":12},"end":{"line":100,"column":13}},"58":{"start":{"line":99,"column":16},"end":{"line":99,"column":41}},"59":{"start":{"line":102,"column":12},"end":{"line":102,"column":53}},"60":{"start":{"line":105,"column":8},"end":{"line":105,"column":20}},"61":{"start":{"line":107,"column":4},"end":{"line":111,"column":6}},"62":{"start":{"line":108,"column":8},"end":{"line":110,"column":11}},"63":{"start":{"line":109,"column":12},"end":{"line":109,"column":28}},"64":{"start":{"line":112,"column":4},"end":{"line":130,"column":6}},"65":{"start":{"line":113,"column":8},"end":{"line":114,"column":18}},"66":{"start":{"line":116,"column":8},"end":{"line":127,"column":9}},"67":{"start":{"line":117,"column":12},"end":{"line":117,"column":38}},"68":{"start":{"line":118,"column":12},"end":{"line":124,"column":13}},"69":{"start":{"line":119,"column":16},"end":{"line":123,"column":17}},"70":{"start":{"line":120,"column":20},"end":{"line":120,"column":59}},"71":{"start":{"line":122,"column":20},"end":{"line":122,"column":63}},"72":{"start":{"line":126,"column":12},"end":{"line":126,"column":57}},"73":{"start":{"line":129,"column":8},"end":{"line":129,"column":20}},"74":{"start":{"line":131,"column":4},"end":{"line":150,"column":6}},"75":{"start":{"line":132,"column":8},"end":{"line":134,"column":18}},"76":{"start":{"line":136,"column":8},"end":{"line":147,"column":9}},"77":{"start":{"line":137,"column":12},"end":{"line":137,"column":38}},"78":{"start":{"line":138,"column":12},"end":{"line":144,"column":13}},"79":{"start":{"line":139,"column":16},"end":{"line":143,"column":17}},"80":{"start":{"line":140,"column":20},"end":{"line":140,"column":73}},"81":{"start":{"line":142,"column":20},"end":{"line":142,"column":107}},"82":{"start":{"line":146,"column":12},"end":{"line":146,"column":57}},"83":{"start":{"line":149,"column":8},"end":{"line":149,"column":22}},"84":{"start":{"line":151,"column":4},"end":{"line":168,"column":6}},"85":{"start":{"line":152,"column":8},"end":{"line":153,"column":18}},"86":{"start":{"line":154,"column":8},"end":{"line":166,"column":9}},"87":{"start":{"line":155,"column":12},"end":{"line":155,"column":38}},"88":{"start":{"line":156,"column":12},"end":{"line":162,"column":13}},"89":{"start":{"line":157,"column":16},"end":{"line":161,"column":17}},"90":{"start":{"line":158,"column":20},"end":{"line":158,"column":62}},"91":{"start":{"line":160,"column":20},"end":{"line":160,"column":157}},"92":{"start":{"line":165,"column":12},"end":{"line":165,"column":60}},"93":{"start":{"line":167,"column":8},"end":{"line":167,"column":20}},"94":{"start":{"line":169,"column":4},"end":{"line":187,"column":6}},"95":{"start":{"line":170,"column":8},"end":{"line":172,"column":18}},"96":{"start":{"line":174,"column":8},"end":{"line":185,"column":9}},"97":{"start":{"line":175,"column":12},"end":{"line":175,"column":38}},"98":{"start":{"line":176,"column":12},"end":{"line":182,"column":13}},"99":{"start":{"line":177,"column":16},"end":{"line":177,"column":63}},"100":{"start":{"line":178,"column":16},"end":{"line":181,"column":17}},"101":{"start":{"line":179,"column":20},"end":{"line":179,"column":36}},"102":{"start":{"line":180,"column":20},"end":{"line":180,"column":26}},"103":{"start":{"line":184,"column":12},"end":{"line":184,"column":57}},"104":{"start":{"line":186,"column":8},"end":{"line":186,"column":22}},"105":{"start":{"line":188,"column":4},"end":{"line":202,"column":6}},"106":{"start":{"line":189,"column":8},"end":{"line":190,"column":18}},"107":{"start":{"line":192,"column":8},"end":{"line":199,"column":9}},"108":{"start":{"line":193,"column":12},"end":{"line":193,"column":38}},"109":{"start":{"line":194,"column":12},"end":{"line":196,"column":13}},"110":{"start":{"line":195,"column":16},"end":{"line":195,"column":45}},"111":{"start":{"line":198,"column":12},"end":{"line":198,"column":54}},"112":{"start":{"line":201,"column":8},"end":{"line":201,"column":20}},"113":{"start":{"line":203,"column":4},"end":{"line":227,"column":6}},"114":{"start":{"line":204,"column":8},"end":{"line":206,"column":24}},"115":{"start":{"line":208,"column":8},"end":{"line":220,"column":9}},"116":{"start":{"line":209,"column":12},"end":{"line":209,"column":38}},"117":{"start":{"line":210,"column":12},"end":{"line":217,"column":13}},"118":{"start":{"line":211,"column":16},"end":{"line":215,"column":17}},"119":{"start":{"line":212,"column":20},"end":{"line":212,"column":55}},"120":{"start":{"line":214,"column":20},"end":{"line":214,"column":56}},"121":{"start":{"line":219,"column":12},"end":{"line":219,"column":53}},"122":{"start":{"line":222,"column":8},"end":{"line":224,"column":9}},"123":{"start":{"line":223,"column":12},"end":{"line":223,"column":26}},"124":{"start":{"line":226,"column":8},"end":{"line":226,"column":20}},"125":{"start":{"line":228,"column":4},"end":{"line":241,"column":6}},"126":{"start":{"line":229,"column":8},"end":{"line":230,"column":18}},"127":{"start":{"line":232,"column":8},"end":{"line":239,"column":9}},"128":{"start":{"line":233,"column":12},"end":{"line":233,"column":38}},"129":{"start":{"line":234,"column":12},"end":{"line":236,"column":13}},"130":{"start":{"line":235,"column":16},"end":{"line":235,"column":49}},"131":{"start":{"line":238,"column":12},"end":{"line":238,"column":53}},"132":{"start":{"line":240,"column":8},"end":{"line":240,"column":20}},"133":{"start":{"line":242,"column":4},"end":{"line":256,"column":6}},"134":{"start":{"line":243,"column":8},"end":{"line":245,"column":24}},"135":{"start":{"line":247,"column":8},"end":{"line":254,"column":9}},"136":{"start":{"line":248,"column":12},"end":{"line":248,"column":22}},"137":{"start":{"line":249,"column":12},"end":{"line":251,"column":13}},"138":{"start":{"line":250,"column":16},"end":{"line":250,"column":58}},"139":{"start":{"line":253,"column":12},"end":{"line":253,"column":56}},"140":{"start":{"line":255,"column":8},"end":{"line":255,"column":22}},"141":{"start":{"line":257,"column":4},"end":{"line":270,"column":6}},"142":{"start":{"line":258,"column":8},"end":{"line":259,"column":18}},"143":{"start":{"line":261,"column":8},"end":{"line":268,"column":9}},"144":{"start":{"line":262,"column":12},"end":{"line":262,"column":38}},"145":{"start":{"line":263,"column":12},"end":{"line":265,"column":13}},"146":{"start":{"line":264,"column":16},"end":{"line":264,"column":54}},"147":{"start":{"line":267,"column":12},"end":{"line":267,"column":56}},"148":{"start":{"line":269,"column":8},"end":{"line":269,"column":20}},"149":{"start":{"line":271,"column":4},"end":{"line":292,"column":6}},"150":{"start":{"line":272,"column":8},"end":{"line":275,"column":25}},"151":{"start":{"line":277,"column":8},"end":{"line":286,"column":9}},"152":{"start":{"line":278,"column":12},"end":{"line":278,"column":38}},"153":{"start":{"line":279,"column":12},"end":{"line":283,"column":13}},"154":{"start":{"line":280,"column":16},"end":{"line":280,"column":37}},"155":{"start":{"line":281,"column":16},"end":{"line":281,"column":50}},"156":{"start":{"line":282,"column":16},"end":{"line":282,"column":34}},"157":{"start":{"line":285,"column":12},"end":{"line":285,"column":55}},"158":{"start":{"line":288,"column":8},"end":{"line":288,"column":31}},"159":{"start":{"line":289,"column":8},"end":{"line":289,"column":24}},"160":{"start":{"line":291,"column":8},"end":{"line":291,"column":23}},"161":{"start":{"line":293,"column":4},"end":{"line":308,"column":6}},"162":{"start":{"line":294,"column":8},"end":{"line":296,"column":22}},"163":{"start":{"line":298,"column":8},"end":{"line":306,"column":9}},"164":{"start":{"line":299,"column":12},"end":{"line":299,"column":38}},"165":{"start":{"line":300,"column":12},"end":{"line":303,"column":13}},"166":{"start":{"line":301,"column":16},"end":{"line":301,"column":37}},"167":{"start":{"line":302,"column":16},"end":{"line":302,"column":43}},"168":{"start":{"line":305,"column":12},"end":{"line":305,"column":59}},"169":{"start":{"line":307,"column":8},"end":{"line":307,"column":20}},"170":{"start":{"line":309,"column":4},"end":{"line":322,"column":6}},"171":{"start":{"line":310,"column":8},"end":{"line":311,"column":18}},"172":{"start":{"line":313,"column":8},"end":{"line":320,"column":9}},"173":{"start":{"line":314,"column":12},"end":{"line":314,"column":38}},"174":{"start":{"line":315,"column":12},"end":{"line":317,"column":13}},"175":{"start":{"line":316,"column":16},"end":{"line":316,"column":69}},"176":{"start":{"line":319,"column":12},"end":{"line":319,"column":53}},"177":{"start":{"line":321,"column":8},"end":{"line":321,"column":20}},"178":{"start":{"line":323,"column":4},"end":{"line":336,"column":6}},"179":{"start":{"line":324,"column":8},"end":{"line":325,"column":18}},"180":{"start":{"line":327,"column":8},"end":{"line":334,"column":9}},"181":{"start":{"line":328,"column":12},"end":{"line":328,"column":38}},"182":{"start":{"line":329,"column":12},"end":{"line":331,"column":13}},"183":{"start":{"line":330,"column":16},"end":{"line":330,"column":65}},"184":{"start":{"line":333,"column":12},"end":{"line":333,"column":53}},"185":{"start":{"line":335,"column":8},"end":{"line":335,"column":20}},"186":{"start":{"line":337,"column":4},"end":{"line":365,"column":6}},"187":{"start":{"line":338,"column":8},"end":{"line":341,"column":21}},"188":{"start":{"line":343,"column":8},"end":{"line":363,"column":9}},"189":{"start":{"line":344,"column":12},"end":{"line":344,"column":38}},"190":{"start":{"line":345,"column":12},"end":{"line":345,"column":36}},"191":{"start":{"line":347,"column":12},"end":{"line":349,"column":13}},"192":{"start":{"line":348,"column":16},"end":{"line":348,"column":35}},"193":{"start":{"line":350,"column":12},"end":{"line":352,"column":13}},"194":{"start":{"line":351,"column":16},"end":{"line":351,"column":37}},"195":{"start":{"line":354,"column":12},"end":{"line":356,"column":13}},"196":{"start":{"line":355,"column":16},"end":{"line":355,"column":68}},"197":{"start":{"line":358,"column":12},"end":{"line":360,"column":13}},"198":{"start":{"line":359,"column":16},"end":{"line":359,"column":48}},"199":{"start":{"line":362,"column":12},"end":{"line":362,"column":55}},"200":{"start":{"line":364,"column":8},"end":{"line":364,"column":20}},"201":{"start":{"line":366,"column":4},"end":{"line":396,"column":6}},"202":{"start":{"line":367,"column":8},"end":{"line":371,"column":19}},"203":{"start":{"line":373,"column":8},"end":{"line":394,"column":9}},"204":{"start":{"line":374,"column":12},"end":{"line":374,"column":45}},"205":{"start":{"line":375,"column":12},"end":{"line":375,"column":36}},"206":{"start":{"line":377,"column":12},"end":{"line":379,"column":13}},"207":{"start":{"line":378,"column":16},"end":{"line":378,"column":35}},"208":{"start":{"line":380,"column":12},"end":{"line":391,"column":13}},"209":{"start":{"line":381,"column":16},"end":{"line":389,"column":17}},"210":{"start":{"line":382,"column":20},"end":{"line":382,"column":78}},"211":{"start":{"line":383,"column":20},"end":{"line":383,"column":41}},"212":{"start":{"line":384,"column":20},"end":{"line":384,"column":65}},"213":{"start":{"line":386,"column":20},"end":{"line":386,"column":114}},"214":{"start":{"line":387,"column":20},"end":{"line":387,"column":79}},"215":{"start":{"line":388,"column":20},"end":{"line":388,"column":55}},"216":{"start":{"line":393,"column":12},"end":{"line":393,"column":56}},"217":{"start":{"line":395,"column":8},"end":{"line":395,"column":20}},"218":{"start":{"line":397,"column":4},"end":{"line":413,"column":6}},"219":{"start":{"line":398,"column":8},"end":{"line":399,"column":18}},"220":{"start":{"line":401,"column":8},"end":{"line":410,"column":9}},"221":{"start":{"line":402,"column":12},"end":{"line":402,"column":38}},"222":{"start":{"line":403,"column":12},"end":{"line":407,"column":13}},"223":{"start":{"line":405,"column":16},"end":{"line":405,"column":56}},"224":{"start":{"line":406,"column":16},"end":{"line":406,"column":91}},"225":{"start":{"line":409,"column":12},"end":{"line":409,"column":51}},"226":{"start":{"line":412,"column":8},"end":{"line":412,"column":20}},"227":{"start":{"line":414,"column":4},"end":{"line":429,"column":6}},"228":{"start":{"line":415,"column":8},"end":{"line":416,"column":18}},"229":{"start":{"line":417,"column":8},"end":{"line":426,"column":9}},"230":{"start":{"line":418,"column":12},"end":{"line":418,"column":38}},"231":{"start":{"line":419,"column":12},"end":{"line":419,"column":18}},"232":{"start":{"line":420,"column":12},"end":{"line":423,"column":13}},"233":{"start":{"line":421,"column":16},"end":{"line":421,"column":94}},"234":{"start":{"line":422,"column":16},"end":{"line":422,"column":48}},"235":{"start":{"line":425,"column":12},"end":{"line":425,"column":52}},"236":{"start":{"line":428,"column":8},"end":{"line":428,"column":20}},"237":{"start":{"line":430,"column":4},"end":{"line":430,"column":26}}},"branchMap":{"1":{"line":2,"type":"if","locations":[{"start":{"line":2,"column":4},"end":{"line":2,"column":4}},{"start":{"line":2,"column":4},"end":{"line":2,"column":4}}]},"2":{"line":5,"type":"if","locations":[{"start":{"line":5,"column":11},"end":{"line":5,"column":11}},{"start":{"line":5,"column":11},"end":{"line":5,"column":11}}]},"3":{"line":5,"type":"binary-expr","locations":[{"start":{"line":5,"column":15},"end":{"line":5,"column":43}},{"start":{"line":5,"column":47},"end":{"line":5,"column":57}}]},"4":{"line":26,"type":"if","locations":[{"start":{"line":26,"column":8},"end":{"line":26,"column":8}},{"start":{"line":26,"column":8},"end":{"line":26,"column":8}}]},"5":{"line":62,"type":"if","locations":[{"start":{"line":62,"column":12},"end":{"line":62,"column":12}},{"start":{"line":62,"column":12},"end":{"line":62,"column":12}}]},"6":{"line":89,"type":"if","locations":[{"start":{"line":89,"column":12},"end":{"line":89,"column":12}},{"start":{"line":89,"column":12},"end":{"line":89,"column":12}}]},"7":{"line":119,"type":"if","locations":[{"start":{"line":119,"column":16},"end":{"line":119,"column":16}},{"start":{"line":119,"column":16},"end":{"line":119,"column":16}}]},"8":{"line":119,"type":"binary-expr","locations":[{"start":{"line":119,"column":20},"end":{"line":119,"column":43}},{"start":{"line":119,"column":47},"end":{"line":119,"column":79}}]},"9":{"line":139,"type":"if","locations":[{"start":{"line":139,"column":16},"end":{"line":139,"column":16}},{"start":{"line":139,"column":16},"end":{"line":139,"column":16}}]},"10":{"line":139,"type":"binary-expr","locations":[{"start":{"line":139,"column":20},"end":{"line":139,"column":43}},{"start":{"line":139,"column":47},"end":{"line":139,"column":79}}]},"11":{"line":157,"type":"if","locations":[{"start":{"line":157,"column":16},"end":{"line":157,"column":16}},{"start":{"line":157,"column":16},"end":{"line":157,"column":16}}]},"12":{"line":157,"type":"binary-expr","locations":[{"start":{"line":157,"column":20},"end":{"line":157,"column":43}},{"start":{"line":157,"column":47},"end":{"line":157,"column":77}}]},"13":{"line":178,"type":"if","locations":[{"start":{"line":178,"column":16},"end":{"line":178,"column":16}},{"start":{"line":178,"column":16},"end":{"line":178,"column":16}}]},"14":{"line":211,"type":"if","locations":[{"start":{"line":211,"column":16},"end":{"line":211,"column":16}},{"start":{"line":211,"column":16},"end":{"line":211,"column":16}}]},"15":{"line":211,"type":"binary-expr","locations":[{"start":{"line":211,"column":20},"end":{"line":211,"column":26}},{"start":{"line":211,"column":31},"end":{"line":211,"column":48}}]},"16":{"line":222,"type":"if","locations":[{"start":{"line":222,"column":8},"end":{"line":222,"column":8}},{"start":{"line":222,"column":8},"end":{"line":222,"column":8}}]},"17":{"line":347,"type":"if","locations":[{"start":{"line":347,"column":12},"end":{"line":347,"column":12}},{"start":{"line":347,"column":12},"end":{"line":347,"column":12}}]},"18":{"line":350,"type":"if","locations":[{"start":{"line":350,"column":12},"end":{"line":350,"column":12}},{"start":{"line":350,"column":12},"end":{"line":350,"column":12}}]},"19":{"line":354,"type":"if","locations":[{"start":{"line":354,"column":12},"end":{"line":354,"column":12}},{"start":{"line":354,"column":12},"end":{"line":354,"column":12}}]},"20":{"line":377,"type":"if","locations":[{"start":{"line":377,"column":12},"end":{"line":377,"column":12}},{"start":{"line":377,"column":12},"end":{"line":377,"column":12}}]},"21":{"line":381,"type":"if","locations":[{"start":{"line":381,"column":16},"end":{"line":381,"column":16}},{"start":{"line":381,"column":16},"end":{"line":381,"column":16}}]},"22":{"line":382,"type":"binary-expr","locations":[{"start":{"line":382,"column":29},"end":{"line":382,"column":53}},{"start":{"line":382,"column":57},"end":{"line":382,"column":77}}]},"23":{"line":386,"type":"binary-expr","locations":[{"start":{"line":386,"column":29},"end":{"line":386,"column":71}},{"start":{"line":386,"column":75},"end":{"line":386,"column":113}}]}}}}